十二月 25, 2013 8:11:23 上午 org.apache.catalina.core.AprLifecycleListener init
信息: The APR based Apache Tomcat Native library which allows optimal performance in production environments was not found on the java.library.path: C:\Program Files\Java\jdk1.7.0_45\bin;C:\Windows\Sun\Java\bin;C:\Windows\system32;C:\Windows;C:\Windows\system32;C:\Windows;C:\Windows\System32\Wbem;C:\Windows\System32\WindowsPowerShell\v1.0\;C:\Program Files (x86)\Windows Kits\8.1\Windows Performance Toolkit\;C:\Program Files\Microsoft SQL Server\110\Tools\Binn\;C:\Program Files\Tools\TortoiseSVN\bin;C:\Program Files (x86)\Tools\VisualSVN-Server\bin;C:\Program Files\Microsoft\Web Platform Installer\;C:\Program Files (x86)\Microsoft ASP.NET\ASP.NET Web Pages\v1.0\;C:\Program Files (x86)\Tools\IncrediBuild;C:\Program Files\Common Files\Autodesk Shared\;C:\Program Files (x86)\Autodesk\Backburner\;.
十二月 25, 2013 8:11:24 上午 org.apache.coyote.AbstractProtocol init
信息: Initializing ProtocolHandler ["http-bio-88"]
十二月 25, 2013 8:11:24 上午 org.apache.coyote.AbstractProtocol init
信息: Initializing ProtocolHandler ["ajp-bio-8388"]
十二月 25, 2013 8:11:24 上午 org.apache.catalina.startup.Catalina load
信息: Initialization processed in 1200 ms
十二月 25, 2013 8:11:24 上午 org.apache.catalina.core.StandardService startInternal
信息: Starting service Catalina
十二月 25, 2013 8:11:24 上午 org.apache.catalina.core.StandardEngine startInternal
信息: Starting Servlet Engine: Apache Tomcat/7.0.42
十二月 25, 2013 8:11:27 上午 org.apache.coyote.AbstractProtocol start
信息: Starting ProtocolHandler ["http-bio-88"]
十二月 25, 2013 8:11:27 上午 org.apache.coyote.AbstractProtocol start
信息: Starting ProtocolHandler ["ajp-bio-8388"]
十二月 25, 2013 8:11:27 上午 org.apache.catalina.startup.Catalina start
信息: Server startup in 2996 ms
十二月 25, 2013 8:12:45 上午 org.apache.jasper.compiler.TldLocationsCache tldScanJar
信息: At least one JAR was scanned for TLDs yet contained no TLDs. Enable debug logging for this logger for a complete list of JARs that were scanned but no TLDs were found in them. Skipping unneeded JARs during scanning can improve startup time and JSP compilation time.
十二月 25, 2013 8:12:50 上午 org.apache.tomcat.util.http.Parameters processParameters
信息: Invalid chunk starting at byte [26] and ending at byte [29] with a value of [=en] ignored
 Note: further occurrences of Parameter errors will be logged at DEBUG level.
十二月 25, 2013 8:14:32 上午 org.apache.coyote.AbstractProtocol pause
信息: Pausing ProtocolHandler ["http-bio-88"]
十二月 25, 2013 8:14:32 上午 org.apache.coyote.AbstractProtocol pause
信息: Pausing ProtocolHandler ["ajp-bio-8388"]
十二月 25, 2013 8:14:32 上午 org.apache.catalina.core.StandardService stopInternal
信息: Stopping service Catalina
十二月 25, 2013 8:14:33 上午 org.apache.coyote.AbstractProtocol stop
信息: Stopping ProtocolHandler ["http-bio-88"]
十二月 25, 2013 8:14:33 上午 org.apache.coyote.AbstractProtocol stop
信息: Stopping ProtocolHandler ["ajp-bio-8388"]
十二月 25, 2013 8:14:33 上午 org.apache.coyote.AbstractProtocol destroy
信息: Destroying ProtocolHandler ["http-bio-88"]
十二月 25, 2013 8:14:33 上午 org.apache.coyote.AbstractProtocol destroy
信息: Destroying ProtocolHandler ["ajp-bio-8388"]
